<?xml version="1.0" encoding="UTF-8"?>
<testsuite xmlns:xsi="http://www.w3.org/2001/XMLSchema-instance" xsi:noNamespaceSchemaLocation="https://maven.apache.org/surefire/maven-surefire-plugin/xsd/surefire-test-report.xsd" name="com.mrkloklo.weblog.web.WeblogWebApplicationTests" time="1.542" tests="1" errors="0" skipped="0" failures="0">
  <properties>
    <property name="sun.desktop" value="windows"/>
    <property name="awt.toolkit" value="sun.awt.windows.WToolkit"/>
    <property name="file.encoding.pkg" value="sun.io"/>
    <property name="java.specification.version" value="1.8"/>
    <property name="sun.cpu.isalist" value="amd64"/>
    <property name="sun.jnu.encoding" value="GBK"/>
    <property name="java.class.path" value="D:\code\weblog\weblog-springboot\weblog-web\target\test-classes;D:\code\weblog\weblog-springboot\weblog-web\target\classes;D:\developToolS\apache-maven-3.9.10-bin\repository\org\springframework\boot\spring-boot-starter-web\2.6.3\spring-boot-starter-web-2.6.3.jar;D:\developToolS\apache-maven-3.9.10-bin\repository\org\springframework\boot\spring-boot-starter\2.6.3\spring-boot-starter-2.6.3.jar;D:\developToolS\apache-maven-3.9.10-bin\repository\org\springframework\boot\spring-boot\2.6.3\spring-boot-2.6.3.jar;D:\developToolS\apache-maven-3.9.10-bin\repository\org\springframework\boot\spring-boot-autoconfigure\2.6.3\spring-boot-autoconfigure-2.6.3.jar;D:\developToolS\apache-maven-3.9.10-bin\repository\org\springframework\boot\spring-boot-starter-logging\2.6.3\spring-boot-starter-logging-2.6.3.jar;D:\developToolS\apache-maven-3.9.10-bin\repository\ch\qos\logback\logback-classic\1.2.10\logback-classic-1.2.10.jar;D:\developToolS\apache-maven-3.9.10-bin\repository\ch\qos\logback\logback-core\1.2.10\logback-core-1.2.10.jar;D:\developToolS\apache-maven-3.9.10-bin\repository\org\apache\logging\log4j\log4j-to-slf4j\2.17.1\log4j-to-slf4j-2.17.1.jar;D:\developToolS\apache-maven-3.9.10-bin\repository\org\apache\logging\log4j\log4j-api\2.17.1\log4j-api-2.17.1.jar;D:\developToolS\apache-maven-3.9.10-bin\repository\org\slf4j\jul-to-slf4j\1.7.33\jul-to-slf4j-1.7.33.jar;D:\developToolS\apache-maven-3.9.10-bin\repository\jakarta\annotation\jakarta.annotation-api\1.3.5\jakarta.annotation-api-1.3.5.jar;D:\developToolS\apache-maven-3.9.10-bin\repository\org\yaml\snakeyaml\1.29\snakeyaml-1.29.jar;D:\developToolS\apache-maven-3.9.10-bin\repository\org\springframework\boot\spring-boot-starter-json\2.6.3\spring-boot-starter-json-2.6.3.jar;D:\developToolS\apache-maven-3.9.10-bin\repository\com\fasterxml\jackson\core\jackson-databind\2.13.1\jackson-databind-2.13.1.jar;D:\developToolS\apache-maven-3.9.10-bin\repository\com\fasterxml\jackson\core\jackson-annotations\2.13.1\jackson-annotations-2.13.1.jar;D:\developToolS\apache-maven-3.9.10-bin\repository\com\fasterxml\jackson\core\jackson-core\2.13.1\jackson-core-2.13.1.jar;D:\developToolS\apache-maven-3.9.10-bin\repository\com\fasterxml\jackson\datatype\jackson-datatype-jdk8\2.13.1\jackson-datatype-jdk8-2.13.1.jar;D:\developToolS\apache-maven-3.9.10-bin\repository\com\fasterxml\jackson\datatype\jackson-datatype-jsr310\2.13.1\jackson-datatype-jsr310-2.13.1.jar;D:\developToolS\apache-maven-3.9.10-bin\repository\com\fasterxml\jackson\module\jackson-module-parameter-names\2.13.1\jackson-module-parameter-names-2.13.1.jar;D:\developToolS\apache-maven-3.9.10-bin\repository\org\springframework\boot\spring-boot-starter-tomcat\2.6.3\spring-boot-starter-tomcat-2.6.3.jar;D:\developToolS\apache-maven-3.9.10-bin\repository\org\apache\tomcat\embed\tomcat-embed-core\9.0.56\tomcat-embed-core-9.0.56.jar;D:\developToolS\apache-maven-3.9.10-bin\repository\org\apache\tomcat\embed\tomcat-embed-el\9.0.56\tomcat-embed-el-9.0.56.jar;D:\developToolS\apache-maven-3.9.10-bin\repository\org\apache\tomcat\embed\tomcat-embed-websocket\9.0.56\tomcat-embed-websocket-9.0.56.jar;D:\developToolS\apache-maven-3.9.10-bin\repository\org\springframework\spring-web\5.3.15\spring-web-5.3.15.jar;D:\developToolS\apache-maven-3.9.10-bin\repository\org\springframework\spring-beans\5.3.15\spring-beans-5.3.15.jar;D:\developToolS\apache-maven-3.9.10-bin\repository\org\springframework\spring-webmvc\5.3.15\spring-webmvc-5.3.15.jar;D:\developToolS\apache-maven-3.9.10-bin\repository\org\springframework\spring-aop\5.3.15\spring-aop-5.3.15.jar;D:\developToolS\apache-maven-3.9.10-bin\repository\org\springframework\spring-context\5.3.15\spring-context-5.3.15.jar;D:\developToolS\apache-maven-3.9.10-bin\repository\org\springframework\spring-expression\5.3.15\spring-expression-5.3.15.jar;D:\developToolS\apache-maven-3.9.10-bin\repository\org\projectlombok\lombok\1.18.28\lombok-1.18.28.jar;D:\developToolS\apache-maven-3.9.10-bin\repository\org\springframework\boot\spring-boot-starter-test\2.6.3\spring-boot-starter-test-2.6.3.jar;D:\developToolS\apache-maven-3.9.10-bin\repository\org\springframework\boot\spring-boot-test\2.6.3\spring-boot-test-2.6.3.jar;D:\developToolS\apache-maven-3.9.10-bin\repository\org\springframework\boot\spring-boot-test-autoconfigure\2.6.3\spring-boot-test-autoconfigure-2.6.3.jar;D:\developToolS\apache-maven-3.9.10-bin\repository\com\jayway\jsonpath\json-path\2.6.0\json-path-2.6.0.jar;D:\developToolS\apache-maven-3.9.10-bin\repository\net\minidev\json-smart\2.4.7\json-smart-2.4.7.jar;D:\developToolS\apache-maven-3.9.10-bin\repository\net\minidev\accessors-smart\2.4.7\accessors-smart-2.4.7.jar;D:\developToolS\apache-maven-3.9.10-bin\repository\org\ow2\asm\asm\9.1\asm-9.1.jar;D:\developToolS\apache-maven-3.9.10-bin\repository\org\slf4j\slf4j-api\1.7.33\slf4j-api-1.7.33.jar;D:\developToolS\apache-maven-3.9.10-bin\repository\jakarta\xml\bind\jakarta.xml.bind-api\2.3.3\jakarta.xml.bind-api-2.3.3.jar;D:\developToolS\apache-maven-3.9.10-bin\repository\jakarta\activation\jakarta.activation-api\1.2.2\jakarta.activation-api-1.2.2.jar;D:\developToolS\apache-maven-3.9.10-bin\repository\org\assertj\assertj-core\3.21.0\assertj-core-3.21.0.jar;D:\developToolS\apache-maven-3.9.10-bin\repository\org\hamcrest\hamcrest\2.2\hamcrest-2.2.jar;D:\developToolS\apache-maven-3.9.10-bin\repository\org\junit\jupiter\junit-jupiter\5.8.2\junit-jupiter-5.8.2.jar;D:\developToolS\apache-maven-3.9.10-bin\repository\org\junit\jupiter\junit-jupiter-api\5.8.2\junit-jupiter-api-5.8.2.jar;D:\developToolS\apache-maven-3.9.10-bin\repository\org\opentest4j\opentest4j\1.2.0\opentest4j-1.2.0.jar;D:\developToolS\apache-maven-3.9.10-bin\repository\org\junit\platform\junit-platform-commons\1.8.2\junit-platform-commons-1.8.2.jar;D:\developToolS\apache-maven-3.9.10-bin\repository\org\apiguardian\apiguardian-api\1.1.2\apiguardian-api-1.1.2.jar;D:\developToolS\apache-maven-3.9.10-bin\repository\org\junit\jupiter\junit-jupiter-params\5.8.2\junit-jupiter-params-5.8.2.jar;D:\developToolS\apache-maven-3.9.10-bin\repository\org\junit\jupiter\junit-jupiter-engine\5.8.2\junit-jupiter-engine-5.8.2.jar;D:\developToolS\apache-maven-3.9.10-bin\repository\org\junit\platform\junit-platform-engine\1.8.2\junit-platform-engine-1.8.2.jar;D:\developToolS\apache-maven-3.9.10-bin\repository\org\mockito\mockito-core\4.0.0\mockito-core-4.0.0.jar;D:\developToolS\apache-maven-3.9.10-bin\repository\net\bytebuddy\byte-buddy\1.11.22\byte-buddy-1.11.22.jar;D:\developToolS\apache-maven-3.9.10-bin\repository\net\bytebuddy\byte-buddy-agent\1.11.22\byte-buddy-agent-1.11.22.jar;D:\developToolS\apache-maven-3.9.10-bin\repository\org\objenesis\objenesis\3.2\objenesis-3.2.jar;D:\developToolS\apache-maven-3.9.10-bin\repository\org\mockito\mockito-junit-jupiter\4.0.0\mockito-junit-jupiter-4.0.0.jar;D:\developToolS\apache-maven-3.9.10-bin\repository\org\skyscreamer\jsonassert\1.5.0\jsonassert-1.5.0.jar;D:\developToolS\apache-maven-3.9.10-bin\repository\com\vaadin\external\google\android-json\0.0.20131108.vaadin1\android-json-0.0.20131108.vaadin1.jar;D:\developToolS\apache-maven-3.9.10-bin\repository\org\springframework\spring-core\5.3.15\spring-core-5.3.15.jar;D:\developToolS\apache-maven-3.9.10-bin\repository\org\springframework\spring-jcl\5.3.15\spring-jcl-5.3.15.jar;D:\developToolS\apache-maven-3.9.10-bin\repository\org\springframework\spring-test\5.3.15\spring-test-5.3.15.jar;D:\developToolS\apache-maven-3.9.10-bin\repository\org\xmlunit\xmlunit-core\2.8.4\xmlunit-core-2.8.4.jar;D:\code\weblog\weblog-springboot\weblog-module-common\target\weblog-module-common-0.0.1-SNAPSHOT.jar;D:\developToolS\apache-maven-3.9.10-bin\repository\com\google\guava\guava\31.1-jre\guava-31.1-jre.jar;D:\developToolS\apache-maven-3.9.10-bin\repository\com\google\guava\failureaccess\1.0.1\failureaccess-1.0.1.jar;D:\developToolS\apache-maven-3.9.10-bin\repository\com\google\guava\listenablefuture\9999.0-empty-to-avoid-conflict-with-guava\listenablefuture-9999.0-empty-to-avoid-conflict-with-guava.jar;D:\developToolS\apache-maven-3.9.10-bin\repository\com\google\code\findbugs\jsr305\3.0.2\jsr305-3.0.2.jar;D:\developToolS\apache-maven-3.9.10-bin\repository\org\checkerframework\checker-qual\3.12.0\checker-qual-3.12.0.jar;D:\developToolS\apache-maven-3.9.10-bin\repository\com\google\errorprone\error_prone_annotations\2.11.0\error_prone_annotations-2.11.0.jar;D:\developToolS\apache-maven-3.9.10-bin\repository\com\google\j2objc\j2objc-annotations\1.3\j2objc-annotations-1.3.jar;D:\code\weblog\weblog-springboot\weblog-module-admin\target\weblog-module-admin-0.0.1-SNAPSHOT.jar;"/>
    <property name="java.vm.vendor" value="Temurin"/>
    <property name="sun.arch.data.model" value="64"/>
    <property name="user.variant" value=""/>
    <property name="java.vendor.url" value="https://adoptium.net/"/>
    <property name="user.timezone" value="Asia/Shanghai"/>
    <property name="java.vm.specification.version" value="1.8"/>
    <property name="os.name" value="Windows 10"/>
    <property name="user.country" value="CN"/>
    <property name="sun.java.launcher" value="SUN_STANDARD"/>
    <property name="sun.boot.library.path" value="D:\developToolS\jdk8u312-b07\jre\bin"/>
    <property name="sun.java.command" value="C:\Users\mrkloklo\AppData\Local\Temp\surefire6830006911415963479\surefirebooter1935239084235956891.jar C:\Users\mrkloklo\AppData\Local\Temp\surefire6830006911415963479 2025-07-15T09-48-26_063-jvmRun1 surefire7791823443998546890tmp surefire_07794319362498880930tmp"/>
    <property name="surefire.test.class.path" value="D:\code\weblog\weblog-springboot\weblog-web\target\test-classes;D:\code\weblog\weblog-springboot\weblog-web\target\classes;D:\developToolS\apache-maven-3.9.10-bin\repository\org\springframework\boot\spring-boot-starter-web\2.6.3\spring-boot-starter-web-2.6.3.jar;D:\developToolS\apache-maven-3.9.10-bin\repository\org\springframework\boot\spring-boot-starter\2.6.3\spring-boot-starter-2.6.3.jar;D:\developToolS\apache-maven-3.9.10-bin\repository\org\springframework\boot\spring-boot\2.6.3\spring-boot-2.6.3.jar;D:\developToolS\apache-maven-3.9.10-bin\repository\org\springframework\boot\spring-boot-autoconfigure\2.6.3\spring-boot-autoconfigure-2.6.3.jar;D:\developToolS\apache-maven-3.9.10-bin\repository\org\springframework\boot\spring-boot-starter-logging\2.6.3\spring-boot-starter-logging-2.6.3.jar;D:\developToolS\apache-maven-3.9.10-bin\repository\ch\qos\logback\logback-classic\1.2.10\logback-classic-1.2.10.jar;D:\developToolS\apache-maven-3.9.10-bin\repository\ch\qos\logback\logback-core\1.2.10\logback-core-1.2.10.jar;D:\developToolS\apache-maven-3.9.10-bin\repository\org\apache\logging\log4j\log4j-to-slf4j\2.17.1\log4j-to-slf4j-2.17.1.jar;D:\developToolS\apache-maven-3.9.10-bin\repository\org\apache\logging\log4j\log4j-api\2.17.1\log4j-api-2.17.1.jar;D:\developToolS\apache-maven-3.9.10-bin\repository\org\slf4j\jul-to-slf4j\1.7.33\jul-to-slf4j-1.7.33.jar;D:\developToolS\apache-maven-3.9.10-bin\repository\jakarta\annotation\jakarta.annotation-api\1.3.5\jakarta.annotation-api-1.3.5.jar;D:\developToolS\apache-maven-3.9.10-bin\repository\org\yaml\snakeyaml\1.29\snakeyaml-1.29.jar;D:\developToolS\apache-maven-3.9.10-bin\repository\org\springframework\boot\spring-boot-starter-json\2.6.3\spring-boot-starter-json-2.6.3.jar;D:\developToolS\apache-maven-3.9.10-bin\repository\com\fasterxml\jackson\core\jackson-databind\2.13.1\jackson-databind-2.13.1.jar;D:\developToolS\apache-maven-3.9.10-bin\repository\com\fasterxml\jackson\core\jackson-annotations\2.13.1\jackson-annotations-2.13.1.jar;D:\developToolS\apache-maven-3.9.10-bin\repository\com\fasterxml\jackson\core\jackson-core\2.13.1\jackson-core-2.13.1.jar;D:\developToolS\apache-maven-3.9.10-bin\repository\com\fasterxml\jackson\datatype\jackson-datatype-jdk8\2.13.1\jackson-datatype-jdk8-2.13.1.jar;D:\developToolS\apache-maven-3.9.10-bin\repository\com\fasterxml\jackson\datatype\jackson-datatype-jsr310\2.13.1\jackson-datatype-jsr310-2.13.1.jar;D:\developToolS\apache-maven-3.9.10-bin\repository\com\fasterxml\jackson\module\jackson-module-parameter-names\2.13.1\jackson-module-parameter-names-2.13.1.jar;D:\developToolS\apache-maven-3.9.10-bin\repository\org\springframework\boot\spring-boot-starter-tomcat\2.6.3\spring-boot-starter-tomcat-2.6.3.jar;D:\developToolS\apache-maven-3.9.10-bin\repository\org\apache\tomcat\embed\tomcat-embed-core\9.0.56\tomcat-embed-core-9.0.56.jar;D:\developToolS\apache-maven-3.9.10-bin\repository\org\apache\tomcat\embed\tomcat-embed-el\9.0.56\tomcat-embed-el-9.0.56.jar;D:\developToolS\apache-maven-3.9.10-bin\repository\org\apache\tomcat\embed\tomcat-embed-websocket\9.0.56\tomcat-embed-websocket-9.0.56.jar;D:\developToolS\apache-maven-3.9.10-bin\repository\org\springframework\spring-web\5.3.15\spring-web-5.3.15.jar;D:\developToolS\apache-maven-3.9.10-bin\repository\org\springframework\spring-beans\5.3.15\spring-beans-5.3.15.jar;D:\developToolS\apache-maven-3.9.10-bin\repository\org\springframework\spring-webmvc\5.3.15\spring-webmvc-5.3.15.jar;D:\developToolS\apache-maven-3.9.10-bin\repository\org\springframework\spring-aop\5.3.15\spring-aop-5.3.15.jar;D:\developToolS\apache-maven-3.9.10-bin\repository\org\springframework\spring-context\5.3.15\spring-context-5.3.15.jar;D:\developToolS\apache-maven-3.9.10-bin\repository\org\springframework\spring-expression\5.3.15\spring-expression-5.3.15.jar;D:\developToolS\apache-maven-3.9.10-bin\repository\org\projectlombok\lombok\1.18.28\lombok-1.18.28.jar;D:\developToolS\apache-maven-3.9.10-bin\repository\org\springframework\boot\spring-boot-starter-test\2.6.3\spring-boot-starter-test-2.6.3.jar;D:\developToolS\apache-maven-3.9.10-bin\repository\org\springframework\boot\spring-boot-test\2.6.3\spring-boot-test-2.6.3.jar;D:\developToolS\apache-maven-3.9.10-bin\repository\org\springframework\boot\spring-boot-test-autoconfigure\2.6.3\spring-boot-test-autoconfigure-2.6.3.jar;D:\developToolS\apache-maven-3.9.10-bin\repository\com\jayway\jsonpath\json-path\2.6.0\json-path-2.6.0.jar;D:\developToolS\apache-maven-3.9.10-bin\repository\net\minidev\json-smart\2.4.7\json-smart-2.4.7.jar;D:\developToolS\apache-maven-3.9.10-bin\repository\net\minidev\accessors-smart\2.4.7\accessors-smart-2.4.7.jar;D:\developToolS\apache-maven-3.9.10-bin\repository\org\ow2\asm\asm\9.1\asm-9.1.jar;D:\developToolS\apache-maven-3.9.10-bin\repository\org\slf4j\slf4j-api\1.7.33\slf4j-api-1.7.33.jar;D:\developToolS\apache-maven-3.9.10-bin\repository\jakarta\xml\bind\jakarta.xml.bind-api\2.3.3\jakarta.xml.bind-api-2.3.3.jar;D:\developToolS\apache-maven-3.9.10-bin\repository\jakarta\activation\jakarta.activation-api\1.2.2\jakarta.activation-api-1.2.2.jar;D:\developToolS\apache-maven-3.9.10-bin\repository\org\assertj\assertj-core\3.21.0\assertj-core-3.21.0.jar;D:\developToolS\apache-maven-3.9.10-bin\repository\org\hamcrest\hamcrest\2.2\hamcrest-2.2.jar;D:\developToolS\apache-maven-3.9.10-bin\repository\org\junit\jupiter\junit-jupiter\5.8.2\junit-jupiter-5.8.2.jar;D:\developToolS\apache-maven-3.9.10-bin\repository\org\junit\jupiter\junit-jupiter-api\5.8.2\junit-jupiter-api-5.8.2.jar;D:\developToolS\apache-maven-3.9.10-bin\repository\org\opentest4j\opentest4j\1.2.0\opentest4j-1.2.0.jar;D:\developToolS\apache-maven-3.9.10-bin\repository\org\junit\platform\junit-platform-commons\1.8.2\junit-platform-commons-1.8.2.jar;D:\developToolS\apache-maven-3.9.10-bin\repository\org\apiguardian\apiguardian-api\1.1.2\apiguardian-api-1.1.2.jar;D:\developToolS\apache-maven-3.9.10-bin\repository\org\junit\jupiter\junit-jupiter-params\5.8.2\junit-jupiter-params-5.8.2.jar;D:\developToolS\apache-maven-3.9.10-bin\repository\org\junit\jupiter\junit-jupiter-engine\5.8.2\junit-jupiter-engine-5.8.2.jar;D:\developToolS\apache-maven-3.9.10-bin\repository\org\junit\platform\junit-platform-engine\1.8.2\junit-platform-engine-1.8.2.jar;D:\developToolS\apache-maven-3.9.10-bin\repository\org\mockito\mockito-core\4.0.0\mockito-core-4.0.0.jar;D:\developToolS\apache-maven-3.9.10-bin\repository\net\bytebuddy\byte-buddy\1.11.22\byte-buddy-1.11.22.jar;D:\developToolS\apache-maven-3.9.10-bin\repository\net\bytebuddy\byte-buddy-agent\1.11.22\byte-buddy-agent-1.11.22.jar;D:\developToolS\apache-maven-3.9.10-bin\repository\org\objenesis\objenesis\3.2\objenesis-3.2.jar;D:\developToolS\apache-maven-3.9.10-bin\repository\org\mockito\mockito-junit-jupiter\4.0.0\mockito-junit-jupiter-4.0.0.jar;D:\developToolS\apache-maven-3.9.10-bin\repository\org\skyscreamer\jsonassert\1.5.0\jsonassert-1.5.0.jar;D:\developToolS\apache-maven-3.9.10-bin\repository\com\vaadin\external\google\android-json\0.0.20131108.vaadin1\android-json-0.0.20131108.vaadin1.jar;D:\developToolS\apache-maven-3.9.10-bin\repository\org\springframework\spring-core\5.3.15\spring-core-5.3.15.jar;D:\developToolS\apache-maven-3.9.10-bin\repository\org\springframework\spring-jcl\5.3.15\spring-jcl-5.3.15.jar;D:\developToolS\apache-maven-3.9.10-bin\repository\org\springframework\spring-test\5.3.15\spring-test-5.3.15.jar;D:\developToolS\apache-maven-3.9.10-bin\repository\org\xmlunit\xmlunit-core\2.8.4\xmlunit-core-2.8.4.jar;D:\code\weblog\weblog-springboot\weblog-module-common\target\weblog-module-common-0.0.1-SNAPSHOT.jar;D:\developToolS\apache-maven-3.9.10-bin\repository\com\google\guava\guava\31.1-jre\guava-31.1-jre.jar;D:\developToolS\apache-maven-3.9.10-bin\repository\com\google\guava\failureaccess\1.0.1\failureaccess-1.0.1.jar;D:\developToolS\apache-maven-3.9.10-bin\repository\com\google\guava\listenablefuture\9999.0-empty-to-avoid-conflict-with-guava\listenablefuture-9999.0-empty-to-avoid-conflict-with-guava.jar;D:\developToolS\apache-maven-3.9.10-bin\repository\com\google\code\findbugs\jsr305\3.0.2\jsr305-3.0.2.jar;D:\developToolS\apache-maven-3.9.10-bin\repository\org\checkerframework\checker-qual\3.12.0\checker-qual-3.12.0.jar;D:\developToolS\apache-maven-3.9.10-bin\repository\com\google\errorprone\error_prone_annotations\2.11.0\error_prone_annotations-2.11.0.jar;D:\developToolS\apache-maven-3.9.10-bin\repository\com\google\j2objc\j2objc-annotations\1.3\j2objc-annotations-1.3.jar;D:\code\weblog\weblog-springboot\weblog-module-admin\target\weblog-module-admin-0.0.1-SNAPSHOT.jar;"/>
    <property name="sun.cpu.endian" value="little"/>
    <property name="user.home" value="C:\Users\mrkloklo"/>
    <property name="user.language" value="zh"/>
    <property name="java.specification.vendor" value="Oracle Corporation"/>
    <property name="java.home" value="D:\developToolS\jdk8u312-b07\jre"/>
    <property name="basedir" value="D:\code\weblog\weblog-springboot\weblog-web"/>
    <property name="file.separator" value="\"/>
    <property name="line.separator" value="&#10;"/>
    <property name="java.vm.specification.vendor" value="Oracle Corporation"/>
    <property name="java.specification.name" value="Java Platform API Specification"/>
    <property name="java.awt.graphicsenv" value="sun.awt.Win32GraphicsEnvironment"/>
    <property name="surefire.real.class.path" value="C:\Users\mrkloklo\AppData\Local\Temp\surefire6830006911415963479\surefirebooter1935239084235956891.jar"/>
    <property name="sun.boot.class.path" value="D:\developToolS\jdk8u312-b07\jre\lib\resources.jar;D:\developToolS\jdk8u312-b07\jre\lib\rt.jar;D:\developToolS\jdk8u312-b07\jre\lib\sunrsasign.jar;D:\developToolS\jdk8u312-b07\jre\lib\jsse.jar;D:\developToolS\jdk8u312-b07\jre\lib\jce.jar;D:\developToolS\jdk8u312-b07\jre\lib\charsets.jar;D:\developToolS\jdk8u312-b07\jre\lib\jfr.jar;D:\developToolS\jdk8u312-b07\jre\classes"/>
    <property name="user.script" value=""/>
    <property name="sun.management.compiler" value="HotSpot 64-Bit Tiered Compilers"/>
    <property name="java.runtime.version" value="1.8.0_312-b07"/>
    <property name="user.name" value="mrkloklo"/>
    <property name="path.separator" value=";"/>
    <property name="os.version" value="10.0"/>
    <property name="java.endorsed.dirs" value="D:\developToolS\jdk8u312-b07\jre\lib\endorsed"/>
    <property name="java.runtime.name" value="OpenJDK Runtime Environment"/>
    <property name="file.encoding" value="GBK"/>
    <property name="java.vm.name" value="OpenJDK 64-Bit Server VM"/>
    <property name="localRepository" value="D:\developToolS\apache-maven-3.9.10-bin\repository"/>
    <property name="java.vendor.url.bug" value="https://github.com/adoptium/adoptium-support/issues"/>
    <property name="java.io.tmpdir" value="C:\Users\mrkloklo\AppData\Local\Temp\"/>
    <property name="idea.version" value="2025.1.2"/>
    <property name="java.version" value="1.8.0_312"/>
    <property name="user.dir" value="D:\code\weblog\weblog-springboot\weblog-web"/>
    <property name="os.arch" value="amd64"/>
    <property name="java.vm.specification.name" value="Java Virtual Machine Specification"/>
    <property name="java.awt.printerjob" value="sun.awt.windows.WPrinterJob"/>
    <property name="sun.os.patch.level" value=""/>
    <property name="java.library.path" value="D:\developToolS\jdk8u312-b07\jre\bin;C:\Windows\Sun\Java\bin;C:\Windows\system32;C:\Windows;C:\Program Files (x86)\Common Files\Oracle\Java\java8path;C:\Program Files (x86)\Common Files\Oracle\Java\javapath;C:\Windows\system32;C:\Windows;C:\Windows\System32\Wbem;C:\Windows\System32\WindowsPowerShell\v1.0\;C:\Windows\System32\OpenSSH\;D:\developToolS\Git\cmd;C:\Program Files\Docker\Docker\resources\bin;D:\developToolS\jdk8u312-b07\bin;D:\developToolS\jdk8u312-b07\jre\bin;;."/>
    <property name="java.vm.info" value="mixed mode"/>
    <property name="java.vendor" value="Temurin"/>
    <property name="java.vm.version" value="25.312-b07"/>
    <property name="java.ext.dirs" value="D:\developToolS\jdk8u312-b07\jre\lib\ext;C:\Windows\Sun\Java\lib\ext"/>
    <property name="sun.io.unicode.encoding" value="UnicodeLittle"/>
    <property name="java.class.version" value="52.0"/>
  </properties>
  <testcase name="contextLoads" classname="com.mrkloklo.weblog.web.WeblogWebApplicationTests" time="0.225"/>
</testsuite>